<?xml version="1.0" encoding="UTF-8"?>
<testng-results skipped="0" failed="0" total="1" passed="1">
  <reporter-output>
  </reporter-output>
  <suite name="Default suite" duration-ms="102561" started-at="2014-08-16T06:55:36Z" finished-at="2014-08-16T06:57:19Z">
    <groups>
    </groups>
    <test name="Default test" duration-ms="102561" started-at="2014-08-16T06:55:36Z" finished-at="2014-08-16T06:57:19Z">
      <class name="com.apalya.resume_update.test.update_test">
        <test-method status="PASS" signature="profileupdate()[pri:0, instance:com.apalya.resume_update.test.update_test@d68b39]" name="profileupdate" duration-ms="102544" started-at="2014-08-16T12:25:36Z" finished-at="2014-08-16T12:27:19Z">
          <reporter-output>
          </reporter-output>
        </test-method> <!-- profileupdate -->
      </class> <!-- com.apalya.resume_update.test.update_test -->
    </test> <!-- Default test -->
  </suite> <!-- Default suite -->
</testng-results>
