<?xml version="1.0" encoding="UTF-8"?>
<!-- Generated by org.testng.reporters.JUnitXMLReporter -->
<testsuite hostname="MSHANMUGAMKUMAR" name="Naukari Profile Update" tests="1" failures="1" timestamp="25 Oct 2014 10:43:25 GMT" time="47.162" errors="0">
  <testcase name="profileupdate" time="47.147" classname="com.apalya.resume_update.test.update_test">
    <failure type="org.openqa.selenium.WebDriverException" message="Unable to bind to locking port 7055 within 45000 ms
Build info: version: &amp;apos;2.43.0&amp;apos;, revision: &amp;apos;597b76b&amp;apos;, time: &amp;apos;2014-09-09 20:52:38&amp;apos;
System info: host: &amp;apos;MSHANMUGAMKUMAR&amp;apos;, ip: &amp;apos;192.168.80.1&amp;apos;, os.name: &amp;apos;Windows 7&amp;apos;, os.arch: &amp;apos;amd64&amp;apos;, os.version: &amp;apos;6.1&amp;apos;, java.version: &amp;apos;1.8.0_20&amp;apos;
Driver info: driver.version: FirefoxDriver">
      <![CDATA[org.openqa.selenium.WebDriverException: Unable to bind to locking port 7055 within 45000 ms
Build info: version: '2.43.0', revision: '597b76b', time: '2014-09-09 20:52:38'
System info: host: 'MSHANMUGAMKUMAR', ip: '192.168.80.1', os.name: 'Windows 7', os.arch: 'amd64', os.version: '6.1', java.version: '1.8.0_20'
Driver info: driver.version: FirefoxDriver
	at org.openqa.selenium.internal.SocketLock.lock(SocketLock.java:98)
	at org.openqa.selenium.firefox.internal.NewProfileExtensionConnection.start(NewProfileExtensionConnection.java:84)
	at org.openqa.selenium.firefox.FirefoxDriver.startClient(FirefoxDriver.java:246)
	at org.openqa.selenium.remote.RemoteWebDriver.<init>(RemoteWebDriver.java:114)
	at org.openqa.selenium.firefox.FirefoxDriver.<init>(FirefoxDriver.java:193)
	at org.openqa.selenium.firefox.FirefoxDriver.<init>(FirefoxDriver.java:186)
	at org.openqa.selenium.firefox.FirefoxDriver.<init>(FirefoxDriver.java:182)
	at org.openqa.selenium.firefox.FirefoxDriver.<init>(FirefoxDriver.java:95)
	at com.apalya.resume_update.test.update_test.profileupdate(update_test.java:28)
... Removed 23 stack frames]]>
    </failure>
  </testcase> <!-- profileupdate -->
</testsuite> <!-- Naukari Profile Update -->
